2021-11-28 19:13:11 [index]      [info]: Initialisere ...
2021-11-28 19:13:11 [index]      [info]: Einloggen
2021-11-28 19:13:12 [index]      [info]: Discordjs ready!
2021-11-28 19:13:12 [index]      [info]: Bot bereit!
2021-11-28 19:45:11 [index]      [info]: Einloggen
2021-11-28 19:46:59 [index]      [info]: Einloggen
2021-11-28 19:55:57 [index]      [info]: Einloggen
2021-11-28 19:56:54 [index]      [info]: Einloggen
2021-11-28 19:59:45 [index]      [info]: Einloggen
2021-11-28 20:01:23 [index]      [info]: Einloggen
2021-11-28 20:01:51 [index]      [info]: Einloggen
2021-11-28 20:02:36 [index]      [info]: Einloggen
2021-11-28 20:03:12 [index]      [info]: Einloggen
2021-11-28 20:08:13 [index]      [info]: Einloggen
2021-11-28 20:10:05 [index]      [info]: Einloggen
2021-11-28 20:11:38 [index]      [info]: Einloggen
2021-11-28 20:11:56 [index]      [info]: Einloggen
2021-11-28 21:09:04 [index]      [info]: Einloggen
2021-11-28 21:09:18 [index]      [error]: undefined
2021-11-28 21:10:15 [index]      [info]: Einloggen
2021-11-28 21:10:33 [index]      [info]: fsr open
2021-11-28 21:10:39 [index]      [info]: fsr open
2021-11-28 21:10:44 [index]      [info]: fsr open
2021-11-28 21:10:50 [index]      [info]: fsr open
2021-11-28 21:10:56 [index]      [info]: fsr open
2021-11-28 21:11:01 [index]      [info]: fsr open
2021-11-28 21:11:07 [index]      [info]: fsr open
2021-11-28 21:11:12 [index]      [info]: fsr open
2021-11-28 21:11:18 [index]      [info]: fsr open
2021-11-28 21:11:24 [index]      [info]: fsr open
2021-11-28 21:11:29 [index]      [info]: fsr open
2021-11-28 21:11:34 [index]      [info]: fsr open
2021-11-28 21:11:44 [index]      [info]: fsr open
2021-11-28 21:11:49 [index]      [info]: fsr open
2021-11-28 21:11:54 [index]      [info]: fsr open
2021-11-28 21:11:59 [index]      [info]: fsr open
2021-11-28 21:12:04 [index]      [info]: fsr open
2021-11-28 21:12:09 [index]      [info]: Einloggen
2021-11-28 21:12:18 [index]      [info]: fsr open
2021-11-28 21:12:23 [index]      [info]: fsr open
2021-11-28 21:12:28 [index]      [info]: fsr open
2021-11-28 21:12:34 [index]      [info]: Einloggen
2021-11-28 21:12:41 [index]      [info]: fsr open
2021-11-28 21:12:47 [index]      [info]: fsr open
2021-11-28 21:12:53 [index]      [info]: fsr open
2021-11-28 21:12:58 [index]      [info]: fsr open
2021-11-28 21:13:03 [index]      [info]: fsr open
2021-11-28 21:13:08 [index]      [info]: fsr open
2021-11-28 21:13:13 [index]      [info]: fsr open
2021-11-28 21:13:19 [index]      [info]: fsr open
2021-11-28 21:13:24 [index]      [info]: fsr open
2021-11-28 21:13:29 [index]      [info]: fsr open
2021-11-28 21:13:36 [index]      [info]: Einloggen
2021-11-28 21:13:43 [index]      [info]: fsr open
2021-11-28 21:13:49 [index]      [info]: fsr open
2021-11-28 21:13:54 [index]      [info]: fsr open
2021-11-28 21:13:59 [index]      [info]: fsr open
2021-11-28 21:14:04 [index]      [info]: fsr open
2021-11-28 21:14:10 [index]      [info]: fsr open
2021-11-28 21:14:16 [index]      [info]: fsr open
2021-11-28 21:14:21 [index]      [info]: fsr open
2021-11-28 21:14:27 [index]      [info]: fsr open
2021-11-28 21:14:37 [index]      [info]: fsr open
2021-11-28 21:14:43 [index]      [info]: fsr open
2021-11-28 21:14:49 [index]      [info]: fsr open
2021-11-28 21:14:54 [index]      [info]: fsr open
2021-11-28 21:14:59 [index]      [info]: fsr open
2021-11-28 21:15:05 [index]      [info]: fsr open
2021-11-28 21:15:10 [index]      [info]: fsr open
2021-11-28 21:15:15 [index]      [info]: fsr open
2021-11-28 21:15:21 [index]      [info]: fsr open
2021-11-28 21:15:26 [index]      [info]: fsr open
2021-11-28 21:15:31 [index]      [info]: fsr open
2021-11-28 21:15:37 [index]      [info]: fsr open
2021-11-28 21:15:42 [index]      [info]: fsr open
2021-11-28 21:15:48 [index]      [info]: fsr open
2021-11-28 21:15:53 [index]      [info]: fsr open
2021-11-28 21:15:59 [index]      [info]: fsr open
2021-11-28 21:16:04 [index]      [info]: fsr open
2021-11-28 21:16:09 [index]      [info]: fsr open
2021-11-28 21:16:14 [index]      [info]: fsr open
2021-11-28 21:16:19 [index]      [info]: fsr closed
2021-11-28 21:16:25 [index]      [info]: fsr closed
2021-11-28 21:16:30 [index]      [info]: fsr closed
2021-11-28 21:16:36 [index]      [info]: fsr closed
2021-11-28 21:16:42 [index]      [info]: fsr closed
2021-11-28 21:17:31 [index]      [info]: Einloggen
2021-11-28 21:17:39 [index]      [info]: fsr closed
2021-11-28 21:17:44 [index]      [info]: fsr closed
2021-11-28 21:18:07 [index]      [info]: Einloggen
2021-11-28 21:18:14 [index]      [info]: fsr closed
2021-11-28 21:18:19 [index]      [info]: fsr closed
2021-11-28 21:18:24 [index]      [info]: fsr closed
2021-11-28 21:18:30 [index]      [info]: fsr closed
2021-11-28 21:19:33 [index]      [info]: Einloggen
2021-11-28 21:19:46 [index]      [error]: undefined
2021-11-28 21:19:58 [index]      [info]: Einloggen
2021-11-28 21:20:09 [index]      [error]: undefined
2021-11-28 21:20:21 [index]      [info]: Einloggen
2021-11-28 21:20:31 [index]      [info]: Einloggen
2021-11-28 21:20:46 [index]      [error]: ErrorReferenceError: lastStatus is not defined
2021-11-28 21:20:50 [index]      [info]: Einloggen
2021-11-28 21:21:02 [index]      [info]: fsr closed
2021-11-28 21:21:12 [index]      [info]: fsr closed
2021-11-28 21:21:22 [index]      [info]: fsr closed
2021-11-28 21:21:28 [index]      [info]: Einloggen
2021-11-28 21:21:41 [index]      [info]: fsr closed
2021-11-28 21:21:47 [index]      [info]: Einloggen
2021-11-28 21:22:11 [index]      [info]: fsr closed
2021-11-28 21:22:21 [index]      [info]: no status changed
2021-11-28 21:22:31 [index]      [info]: fsr open
2021-11-28 21:22:41 [index]      [info]: fsr closed
2021-11-28 21:22:51 [index]      [info]: fsr open
2021-11-28 21:23:17 [index]      [info]: Einloggen
2021-11-28 21:23:30 [index]      [info]: fsr open
2021-11-28 21:23:40 [index]      [info]: no status changed
2021-11-28 21:23:51 [index]      [info]: no status changed
2021-11-28 21:24:01 [index]      [info]: fsr closed
2021-11-28 21:24:11 [index]      [info]: no status changed
2021-11-28 21:24:22 [index]      [info]: no status changed
2021-11-28 21:24:35 [index]      [info]: no status changed
2021-11-28 21:24:45 [index]      [info]: no status changed
2021-11-28 21:24:56 [index]      [info]: no status changed
2021-11-28 21:25:06 [index]      [info]: no status changed
2021-11-28 21:25:17 [index]      [info]: no status changed
2021-11-28 21:25:28 [index]      [info]: no status changed
2021-11-28 21:25:39 [index]      [info]: no status changed
2021-11-28 21:25:49 [index]      [info]: no status changed
2021-11-28 21:25:59 [index]      [info]: no status changed
2021-11-28 21:26:10 [index]      [info]: no status changed
2021-11-28 21:26:20 [index]      [info]: no status changed
2021-11-28 21:26:30 [index]      [info]: no status changed
2021-11-28 21:26:41 [index]      [info]: no status changed
2021-11-28 21:26:51 [index]      [info]: no status changed
2021-11-28 21:27:01 [index]      [info]: no status changed
2021-11-28 21:27:11 [index]      [info]: no status changed
2021-11-28 21:27:21 [index]      [info]: no status changed
2021-11-28 21:27:32 [index]      [info]: no status changed
2021-11-28 21:27:42 [index]      [info]: no status changed
2021-11-28 21:27:52 [index]      [info]: no status changed
2021-11-28 21:28:03 [index]      [info]: no status changed
2021-11-28 21:28:13 [index]      [info]: no status changed
2021-11-28 21:28:24 [index]      [info]: no status changed
2021-11-28 21:28:34 [index]      [info]: no status changed
2021-11-28 21:28:46 [index]      [info]: no status changed
2021-11-28 21:28:54 [index]      [info]: Einloggen
2021-11-28 21:29:09 [index]      [info]: Rename channel to CLOSED ❌
